<?xml version="1.0" encoding="UTF-8"?>
<testsuites>
  <testsuite name="D:\work\wamp64\www\personal\quick_pdo\project_source_code\tests" tests="1" assertions="1" errors="0" warnings="0" failures="0" skipped="0" time="0.021542">
    <testsuite name="tanmay\QuickPdoIntegrationTests\QuickPdoIntegrationTest" file="D:\work\wamp64\www\personal\quick_pdo\project_source_code\tests\QuickPdoIntegrationTest.php" tests="1" assertions="1" errors="0" warnings="0" failures="0" skipped="0" time="0.021542">
      <testcase name="testOpenConnection" class="tanmay\QuickPdoIntegrationTests\QuickPdoIntegrationTest" classname="tanmay.QuickPdoIntegrationTests.QuickPdoIntegrationTest" file="D:\work\wamp64\www\personal\quick_pdo\project_source_code\tests\QuickPdoIntegrationTest.php" line="13" assertions="1" time="0.021542"/>
    </testsuite>
  </testsuite>
</testsuites>
